<?xml version="1.0" encoding="UTF-8"?>
<testng-results skipped="0" failed="0" ignored="0" total="3" passed="3">
  <reporter-output>
  </reporter-output>
  <suite name="Suite" duration-ms="63551" started-at="2022-01-03T16:42:57 IST" finished-at="2022-01-03T16:44:00 IST">
    <groups>
    </groups>
    <test name="Test" duration-ms="63551" started-at="2022-01-03T16:42:57 IST" finished-at="2022-01-03T16:44:00 IST">
      <class name="com.sdet.AppTest">
        <test-method status="PASS" signature="testlogin1()[pri:0, instance:com.sdet.AppTest@32c52b]" name="testlogin1" duration-ms="35" started-at="2022-01-03T16:42:57 IST" finished-at="2022-01-03T16:42:57 IST">
          <reporter-output>
          </reporter-output>
        </test-method> <!-- testlogin1 -->
        <test-method status="PASS" signature="testlogin2()[pri:0, instance:com.sdet.AppTest@32c52b]" name="testlogin2" duration-ms="1" started-at="2022-01-03T16:42:57 IST" finished-at="2022-01-03T16:42:57 IST">
          <reporter-output>
          </reporter-output>
        </test-method> <!-- testlogin2 -->
      </class> <!-- com.sdet.AppTest -->
      <class name="com.sdet.TC_Login">
        <test-method status="PASS" signature="login_Test()[pri:0, instance:com.sdet.TC_Login@14c4973]" name="login_Test" duration-ms="63455" started-at="2022-01-03T16:42:57 IST" finished-at="2022-01-03T16:44:00 IST">
          <reporter-output>
          </reporter-output>
        </test-method> <!-- login_Test -->
      </class> <!-- com.sdet.TC_Login -->
    </test> <!-- Test -->
  </suite> <!-- Suite -->
</testng-results>
