<?xml version="1.0" encoding="UTF-8"?>
<testng-results skipped="0" failed="0" total="1" passed="1">
  <reporter-output>
  </reporter-output>
  <suite name="Default suite" duration-ms="34969" started-at="2021-12-28T10:06:50Z" finished-at="2021-12-28T10:07:25Z">
    <groups>
    </groups>
    <test name="Default test" duration-ms="34969" started-at="2021-12-28T10:06:50Z" finished-at="2021-12-28T10:07:25Z">
      <class name="com.sdet.TC_Login">
        <test-method status="PASS" signature="login_Test()[pri:0, instance:com.sdet.TC_Login@1fd3711]" name="login_Test" duration-ms="34925" started-at="2021-12-28T15:36:50Z" finished-at="2021-12-28T15:37:25Z">
          <reporter-output>
          </reporter-output>
        </test-method> <!-- login_Test -->
      </class> <!-- com.sdet.TC_Login -->
    </test> <!-- Default test -->
  </suite> <!-- Default suite -->
</testng-results>
